*********** REQUEST ***********
URI: https://dummyjson.com/users/add
Method: POST
Headers: Accept=application/json, application/javascript, text/javascript, text/json
Content-Type=application/json
Body: {"firstName":"Alice","lastName":"Smith","address":{"country":"Rwanda","city":"Musanze","street":"NM 123 st"},"company":{"name":"MTN","department":"Call Center"}}



*********** RESPONSE ***********
Status Code: 201
Response Time: 2190 ms
Body:
{
    "id": 209,
    "firstName": "Alice",
    "lastName": "Smith",
    "maidenName": "",
    "age": null,
    "gender": "",
    "email": "",
    "phone": "",
    "username": "",
    "password": "",
    "birthDate": "",
    "image": "",
    "bloodGroup": "",
    "height": null,
    "weight": null,
    "eyeColor": "",
    "hair": {
        "color": "",
        "type": ""
    },
    "ip": "",
    "address": {
        "address": "",
        "city": "Musanze",
        "state": "",
        "stateCode": "",
        "postalCode": "",
        "coordinates": {
            "lat": null,
            "lng": null
        },
        "country": "Rwanda"
    },
    "macAddress": "",
    "university": "",
    "bank": {
        "cardExpire": "",
        "cardNumber": "",
        "cardType": "",
        "currency": "",
        "iban": ""
    },
    "company": {
        "department": "Call Center",
        "name": "MTN",
        "title": "",
        "address": {
            "address": "",
            "city": "",
            "state": "",
            "stateCode": "",
            "postalCode": "",
            "coordinates": {
                "lat": null,
                "lng": null
            },
            "country": ""
        }
    },
    "ein": "",
    "ssn": "",
    "userAgent": "",
    "crypto": {
        "coin": "",
        "wallet": "",
        "network": ""
    },
    "role": "user"
}
